0 info it worked if it ends with ok
1 verbose cli [ '/home/th3m4d0n3/v0.10.21/bin/node',
1 verbose cli   '/home/th3m4d0n3/v0.10.21/bin/npm',
1 verbose cli   'install' ]
2 info using npm@1.3.11
3 info using node@v0.10.21
4 verbose readDependencies using package.json deps
5 verbose install where, deps [ '/home/th3m4d0n3/NetBeansProjects/twAppDemo',
5 verbose install   [ 'express',
5 verbose install     'connect',
5 verbose install     'gzip',
5 verbose install     'minify',
5 verbose install     'request',
5 verbose install     'python',
5 verbose install     'async',
5 verbose install     'docker-attach',
5 verbose install     'lodash',
5 verbose install     'limiter',
5 verbose install     'memwatch',
5 verbose install     'memoizee',
5 verbose install     'lactate' ] ]
6 info preinstall twapp@0.0.1
7 verbose readDependencies using package.json deps
8 verbose already installed skipping express@* /home/th3m4d0n3/NetBeansProjects/twAppDemo
9 verbose cache add [ 'connect@*', null ]
10 verbose cache add name=undefined spec="connect@*" args=["connect@*",null]
11 verbose parsed url { protocol: null,
11 verbose parsed url   slashes: null,
11 verbose parsed url   auth: null,
11 verbose parsed url   host: null,
11 verbose parsed url   port: null,
11 verbose parsed url   hostname: null,
11 verbose parsed url   hash: null,
11 verbose parsed url   search: null,
11 verbose parsed url   query: null,
11 verbose parsed url   pathname: 'connect@*',
11 verbose parsed url   path: 'connect@*',
11 verbose parsed url   href: 'connect@*' }
12 verbose cache add name="connect" spec="*" args=["connect","*"]
13 verbose parsed url { protocol: null,
13 verbose parsed url   slashes: null,
13 verbose parsed url   auth: null,
13 verbose parsed url   host: null,
13 verbose parsed url   port: null,
13 verbose parsed url   hostname: null,
13 verbose parsed url   hash: null,
13 verbose parsed url   search: null,
13 verbose parsed url   query: null,
13 verbose parsed url   pathname: '*',
13 verbose parsed url   path: '*',
13 verbose parsed url   href: '*' }
14 verbose addNamed [ 'connect', '*' ]
15 verbose addNamed [ null, '*' ]
16 silly lockFile a2361ee0-connect connect@*
17 verbose lock connect@* /home/th3m4d0n3/.npm/a2361ee0-connect.lock
18 verbose cache add [ 'gzip@*', null ]
19 verbose cache add name=undefined spec="gzip@*" args=["gzip@*",null]
20 verbose parsed url { protocol: null,
20 verbose parsed url   slashes: null,
20 verbose parsed url   auth: null,
20 verbose parsed url   host: null,
20 verbose parsed url   port: null,
20 verbose parsed url   hostname: null,
20 verbose parsed url   hash: null,
20 verbose parsed url   search: null,
20 verbose parsed url   query: null,
20 verbose parsed url   pathname: 'gzip@*',
20 verbose parsed url   path: 'gzip@*',
20 verbose parsed url   href: 'gzip@*' }
21 verbose cache add name="gzip" spec="*" args=["gzip","*"]
22 verbose parsed url { protocol: null,
22 verbose parsed url   slashes: null,
22 verbose parsed url   auth: null,
22 verbose parsed url   host: null,
22 verbose parsed url   port: null,
22 verbose parsed url   hostname: null,
22 verbose parsed url   hash: null,
22 verbose parsed url   search: null,
22 verbose parsed url   query: null,
22 verbose parsed url   pathname: '*',
22 verbose parsed url   path: '*',
22 verbose parsed url   href: '*' }
23 verbose addNamed [ 'gzip', '*' ]
24 verbose addNamed [ null, '*' ]
25 silly lockFile e11286dd-gzip gzip@*
26 verbose lock gzip@* /home/th3m4d0n3/.npm/e11286dd-gzip.lock
27 verbose cache add [ 'minify@*', null ]
28 verbose cache add name=undefined spec="minify@*" args=["minify@*",null]
29 verbose parsed url { protocol: null,
29 verbose parsed url   slashes: null,
29 verbose parsed url   auth: null,
29 verbose parsed url   host: null,
29 verbose parsed url   port: null,
29 verbose parsed url   hostname: null,
29 verbose parsed url   hash: null,
29 verbose parsed url   search: null,
29 verbose parsed url   query: null,
29 verbose parsed url   pathname: 'minify@*',
29 verbose parsed url   path: 'minify@*',
29 verbose parsed url   href: 'minify@*' }
30 verbose cache add name="minify" spec="*" args=["minify","*"]
31 verbose parsed url { protocol: null,
31 verbose parsed url   slashes: null,
31 verbose parsed url   auth: null,
31 verbose parsed url   host: null,
31 verbose parsed url   port: null,
31 verbose parsed url   hostname: null,
31 verbose parsed url   hash: null,
31 verbose parsed url   search: null,
31 verbose parsed url   query: null,
31 verbose parsed url   pathname: '*',
31 verbose parsed url   path: '*',
31 verbose parsed url   href: '*' }
32 verbose addNamed [ 'minify', '*' ]
33 verbose addNamed [ null, '*' ]
34 silly lockFile 5be47822-minify minify@*
35 verbose lock minify@* /home/th3m4d0n3/.npm/5be47822-minify.lock
36 verbose cache add [ 'request@*', null ]
37 verbose cache add name=undefined spec="request@*" args=["request@*",null]
38 verbose parsed url { protocol: null,
38 verbose parsed url   slashes: null,
38 verbose parsed url   auth: null,
38 verbose parsed url   host: null,
38 verbose parsed url   port: null,
38 verbose parsed url   hostname: null,
38 verbose parsed url   hash: null,
38 verbose parsed url   search: null,
38 verbose parsed url   query: null,
38 verbose parsed url   pathname: 'request@*',
38 verbose parsed url   path: 'request@*',
38 verbose parsed url   href: 'request@*' }
39 verbose cache add name="request" spec="*" args=["request","*"]
40 verbose parsed url { protocol: null,
40 verbose parsed url   slashes: null,
40 verbose parsed url   auth: null,
40 verbose parsed url   host: null,
40 verbose parsed url   port: null,
40 verbose parsed url   hostname: null,
40 verbose parsed url   hash: null,
40 verbose parsed url   search: null,
40 verbose parsed url   query: null,
40 verbose parsed url   pathname: '*',
40 verbose parsed url   path: '*',
40 verbose parsed url   href: '*' }
41 verbose addNamed [ 'request', '*' ]
42 verbose addNamed [ null, '*' ]
43 silly lockFile a4c2c8dc-request request@*
44 verbose lock request@* /home/th3m4d0n3/.npm/a4c2c8dc-request.lock
45 verbose already installed skipping python@* /home/th3m4d0n3/NetBeansProjects/twAppDemo
46 verbose cache add [ 'async@*', null ]
47 verbose cache add name=undefined spec="async@*" args=["async@*",null]
48 verbose parsed url { protocol: null,
48 verbose parsed url   slashes: null,
48 verbose parsed url   auth: null,
48 verbose parsed url   host: null,
48 verbose parsed url   port: null,
48 verbose parsed url   hostname: null,
48 verbose parsed url   hash: null,
48 verbose parsed url   search: null,
48 verbose parsed url   query: null,
48 verbose parsed url   pathname: 'async@*',
48 verbose parsed url   path: 'async@*',
48 verbose parsed url   href: 'async@*' }
49 verbose cache add name="async" spec="*" args=["async","*"]
50 verbose parsed url { protocol: null,
50 verbose parsed url   slashes: null,
50 verbose parsed url   auth: null,
50 verbose parsed url   host: null,
50 verbose parsed url   port: null,
50 verbose parsed url   hostname: null,
50 verbose parsed url   hash: null,
50 verbose parsed url   search: null,
50 verbose parsed url   query: null,
50 verbose parsed url   pathname: '*',
50 verbose parsed url   path: '*',
50 verbose parsed url   href: '*' }
51 verbose addNamed [ 'async', '*' ]
52 verbose addNamed [ null, '*' ]
53 silly lockFile 827e99f9-async async@*
54 verbose lock async@* /home/th3m4d0n3/.npm/827e99f9-async.lock
55 verbose already installed skipping docker-attach@* /home/th3m4d0n3/NetBeansProjects/twAppDemo
56 verbose cache add [ 'lodash@*', null ]
57 verbose cache add name=undefined spec="lodash@*" args=["lodash@*",null]
58 verbose parsed url { protocol: null,
58 verbose parsed url   slashes: null,
58 verbose parsed url   auth: null,
58 verbose parsed url   host: null,
58 verbose parsed url   port: null,
58 verbose parsed url   hostname: null,
58 verbose parsed url   hash: null,
58 verbose parsed url   search: null,
58 verbose parsed url   query: null,
58 verbose parsed url   pathname: 'lodash@*',
58 verbose parsed url   path: 'lodash@*',
58 verbose parsed url   href: 'lodash@*' }
59 verbose cache add name="lodash" spec="*" args=["lodash","*"]
60 verbose parsed url { protocol: null,
60 verbose parsed url   slashes: null,
60 verbose parsed url   auth: null,
60 verbose parsed url   host: null,
60 verbose parsed url   port: null,
60 verbose parsed url   hostname: null,
60 verbose parsed url   hash: null,
60 verbose parsed url   search: null,
60 verbose parsed url   query: null,
60 verbose parsed url   pathname: '*',
60 verbose parsed url   path: '*',
60 verbose parsed url   href: '*' }
61 verbose addNamed [ 'lodash', '*' ]
62 verbose addNamed [ null, '*' ]
63 silly lockFile 15f92fc8-lodash lodash@*
64 verbose lock lodash@* /home/th3m4d0n3/.npm/15f92fc8-lodash.lock
65 verbose cache add [ 'limiter@*', null ]
66 verbose cache add name=undefined spec="limiter@*" args=["limiter@*",null]
67 verbose parsed url { protocol: null,
67 verbose parsed url   slashes: null,
67 verbose parsed url   auth: null,
67 verbose parsed url   host: null,
67 verbose parsed url   port: null,
67 verbose parsed url   hostname: null,
67 verbose parsed url   hash: null,
67 verbose parsed url   search: null,
67 verbose parsed url   query: null,
67 verbose parsed url   pathname: 'limiter@*',
67 verbose parsed url   path: 'limiter@*',
67 verbose parsed url   href: 'limiter@*' }
68 verbose cache add name="limiter" spec="*" args=["limiter","*"]
69 verbose parsed url { protocol: null,
69 verbose parsed url   slashes: null,
69 verbose parsed url   auth: null,
69 verbose parsed url   host: null,
69 verbose parsed url   port: null,
69 verbose parsed url   hostname: null,
69 verbose parsed url   hash: null,
69 verbose parsed url   search: null,
69 verbose parsed url   query: null,
69 verbose parsed url   pathname: '*',
69 verbose parsed url   path: '*',
69 verbose parsed url   href: '*' }
70 verbose addNamed [ 'limiter', '*' ]
71 verbose addNamed [ null, '*' ]
72 silly lockFile 73f44d34-limiter limiter@*
73 verbose lock limiter@* /home/th3m4d0n3/.npm/73f44d34-limiter.lock
74 verbose cache add [ 'memwatch@*', null ]
75 verbose cache add name=undefined spec="memwatch@*" args=["memwatch@*",null]
76 verbose parsed url { protocol: null,
76 verbose parsed url   slashes: null,
76 verbose parsed url   auth: null,
76 verbose parsed url   host: null,
76 verbose parsed url   port: null,
76 verbose parsed url   hostname: null,
76 verbose parsed url   hash: null,
76 verbose parsed url   search: null,
76 verbose parsed url   query: null,
76 verbose parsed url   pathname: 'memwatch@*',
76 verbose parsed url   path: 'memwatch@*',
76 verbose parsed url   href: 'memwatch@*' }
77 verbose cache add name="memwatch" spec="*" args=["memwatch","*"]
78 verbose parsed url { protocol: null,
78 verbose parsed url   slashes: null,
78 verbose parsed url   auth: null,
78 verbose parsed url   host: null,
78 verbose parsed url   port: null,
78 verbose parsed url   hostname: null,
78 verbose parsed url   hash: null,
78 verbose parsed url   search: null,
78 verbose parsed url   query: null,
78 verbose parsed url   pathname: '*',
78 verbose parsed url   path: '*',
78 verbose parsed url   href: '*' }
79 verbose addNamed [ 'memwatch', '*' ]
80 verbose addNamed [ null, '*' ]
81 silly lockFile 91a44496-memwatch memwatch@*
82 verbose lock memwatch@* /home/th3m4d0n3/.npm/91a44496-memwatch.lock
83 verbose cache add [ 'memoizee@*', null ]
84 verbose cache add name=undefined spec="memoizee@*" args=["memoizee@*",null]
85 verbose parsed url { protocol: null,
85 verbose parsed url   slashes: null,
85 verbose parsed url   auth: null,
85 verbose parsed url   host: null,
85 verbose parsed url   port: null,
85 verbose parsed url   hostname: null,
85 verbose parsed url   hash: null,
85 verbose parsed url   search: null,
85 verbose parsed url   query: null,
85 verbose parsed url   pathname: 'memoizee@*',
85 verbose parsed url   path: 'memoizee@*',
85 verbose parsed url   href: 'memoizee@*' }
86 verbose cache add name="memoizee" spec="*" args=["memoizee","*"]
87 verbose parsed url { protocol: null,
87 verbose parsed url   slashes: null,
87 verbose parsed url   auth: null,
87 verbose parsed url   host: null,
87 verbose parsed url   port: null,
87 verbose parsed url   hostname: null,
87 verbose parsed url   hash: null,
87 verbose parsed url   search: null,
87 verbose parsed url   query: null,
87 verbose parsed url   pathname: '*',
87 verbose parsed url   path: '*',
87 verbose parsed url   href: '*' }
88 verbose addNamed [ 'memoizee', '*' ]
89 verbose addNamed [ null, '*' ]
90 silly lockFile 44579819-memoizee memoizee@*
91 verbose lock memoizee@* /home/th3m4d0n3/.npm/44579819-memoizee.lock
92 verbose cache add [ 'lactate@*', null ]
93 verbose cache add name=undefined spec="lactate@*" args=["lactate@*",null]
94 verbose parsed url { protocol: null,
94 verbose parsed url   slashes: null,
94 verbose parsed url   auth: null,
94 verbose parsed url   host: null,
94 verbose parsed url   port: null,
94 verbose parsed url   hostname: null,
94 verbose parsed url   hash: null,
94 verbose parsed url   search: null,
94 verbose parsed url   query: null,
94 verbose parsed url   pathname: 'lactate@*',
94 verbose parsed url   path: 'lactate@*',
94 verbose parsed url   href: 'lactate@*' }
95 verbose cache add name="lactate" spec="*" args=["lactate","*"]
96 verbose parsed url { protocol: null,
96 verbose parsed url   slashes: null,
96 verbose parsed url   auth: null,
96 verbose parsed url   host: null,
96 verbose parsed url   port: null,
96 verbose parsed url   hostname: null,
96 verbose parsed url   hash: null,
96 verbose parsed url   search: null,
96 verbose parsed url   query: null,
96 verbose parsed url   pathname: '*',
96 verbose parsed url   path: '*',
96 verbose parsed url   href: '*' }
97 verbose addNamed [ 'lactate', '*' ]
98 verbose addNamed [ null, '*' ]
99 silly lockFile 445b06a8-lactate lactate@*
100 verbose lock lactate@* /home/th3m4d0n3/.npm/445b06a8-lactate.lock
101 silly addNameRange { name: 'connect', range: '*', hasData: false }
102 silly addNameRange { name: 'async', range: '*', hasData: false }
103 silly addNameRange { name: 'lodash', range: '*', hasData: false }
104 silly addNameRange { name: 'limiter', range: '*', hasData: false }
105 silly addNameRange { name: 'memwatch', range: '*', hasData: false }
106 silly addNameRange { name: 'memoizee', range: '*', hasData: false }
107 silly addNameRange { name: 'gzip', range: '*', hasData: false }
108 silly addNameRange { name: 'minify', range: '*', hasData: false }
109 silly addNameRange { name: 'request', range: '*', hasData: false }
110 silly addNameRange { name: 'lactate', range: '*', hasData: false }
111 verbose url raw gzip
112 verbose url resolving [ 'https://registry.npmjs.org/', './gzip' ]
113 verbose url resolved https://registry.npmjs.org/gzip
114 info trying registry request attempt 1 at 14:20:52
115 http GET https://registry.npmjs.org/gzip
116 verbose url raw lodash
117 verbose url resolving [ 'https://registry.npmjs.org/', './lodash' ]
118 verbose url resolved https://registry.npmjs.org/lodash
119 info trying registry request attempt 1 at 14:20:52
120 verbose etag "3FB4V66BB91VTY4RMP1Q5CHW"
121 http GET https://registry.npmjs.org/lodash
122 verbose url raw memwatch
123 verbose url resolving [ 'https://registry.npmjs.org/', './memwatch' ]
124 verbose url resolved https://registry.npmjs.org/memwatch
125 info trying registry request attempt 1 at 14:20:52
126 verbose etag "1IDY2F9171E4G7DRBE2KJU1EB"
127 http GET https://registry.npmjs.org/memwatch
128 verbose url raw memoizee
129 verbose url resolving [ 'https://registry.npmjs.org/', './memoizee' ]
130 verbose url resolved https://registry.npmjs.org/memoizee
131 info trying registry request attempt 1 at 14:20:52
132 verbose etag "1DKYQBJDXB96QBXVEUXZBMZ7G"
133 http GET https://registry.npmjs.org/memoizee
134 verbose url raw limiter
135 verbose url resolving [ 'https://registry.npmjs.org/', './limiter' ]
136 verbose url resolved https://registry.npmjs.org/limiter
137 info trying registry request attempt 1 at 14:20:52
138 verbose etag "4Z3VYI19XDM3S8I9IQZMZUUJU"
139 http GET https://registry.npmjs.org/limiter
140 verbose url raw connect
141 verbose url resolving [ 'https://registry.npmjs.org/', './connect' ]
142 verbose url resolved https://registry.npmjs.org/connect
143 info trying registry request attempt 1 at 14:20:52
144 verbose etag "6YG97P05B069DAI620VV970AC"
145 http GET https://registry.npmjs.org/connect
146 verbose url raw minify
147 verbose url resolving [ 'https://registry.npmjs.org/', './minify' ]
148 verbose url resolved https://registry.npmjs.org/minify
149 info trying registry request attempt 1 at 14:20:52
150 verbose etag "6LA92X3X2M2VC2XUD7J9FBIKB"
151 http GET https://registry.npmjs.org/minify
152 verbose url raw request
153 verbose url resolving [ 'https://registry.npmjs.org/', './request' ]
154 verbose url resolved https://registry.npmjs.org/request
155 info trying registry request attempt 1 at 14:20:52
156 verbose etag "1I7L5Z0R2U7XX1IIHFUJ6A3DZ"
157 http GET https://registry.npmjs.org/request
158 verbose url raw lactate
159 verbose url resolving [ 'https://registry.npmjs.org/', './lactate' ]
160 verbose url resolved https://registry.npmjs.org/lactate
161 info trying registry request attempt 1 at 14:20:52
162 verbose etag "30HEOIY8H5U9EZ12J1HGW165B"
163 http GET https://registry.npmjs.org/lactate
164 verbose url raw async
165 verbose url resolving [ 'https://registry.npmjs.org/', './async' ]
166 verbose url resolved https://registry.npmjs.org/async
167 info trying registry request attempt 1 at 14:20:52
168 verbose etag "9OVMZQ73ECEK54CZHM2MNKXDC"
169 http GET https://registry.npmjs.org/async
170 http 304 https://registry.npmjs.org/memoizee
171 silly registry.get cb [ 304,
171 silly registry.get   { date: 'Tue, 20 May 2014 20:20:52 GMT',
171 silly registry.get     server: 'Apache',
171 silly registry.get     via: '1.1 varnish',
171 silly registry.get     'last-modified': 'Tue, 20 May 2014 20:20:52 GMT',
171 silly registry.get     'cache-control': 'max-age=1',
171 silly registry.get     etag: '"1DKYQBJDXB96QBXVEUXZBMZ7G"',
171 silly registry.get     'x-served-by': 'cache-lax1432-LAX',
171 silly registry.get     'x-cache': 'HIT',
171 silly registry.get     'x-cache-hits': '1',
171 silly registry.get     'x-timer': 'S1400617252.902982473,VS0,VE1',
171 silly registry.get     vary: 'Accept',
171 silly registry.get     'content-length': '0',
171 silly registry.get     'keep-alive': 'timeout=10, max=50',
171 silly registry.get     connection: 'Keep-Alive' } ]
172 verbose etag memoizee from cache
173 silly addNameRange number 2 { name: 'memoizee', range: '*', hasData: true }
174 silly addNameRange versions [ 'memoizee',
174 silly addNameRange   [ '0.1.0',
174 silly addNameRange     '0.1.1',
174 silly addNameRange     '0.2.0',
174 silly addNameRange     '0.2.1',
174 silly addNameRange     '0.2.2',
174 silly addNameRange     '0.2.3',
174 silly addNameRange     '0.2.4',
174 silly addNameRange     '0.2.5',
174 silly addNameRange     '0.2.6',
174 silly addNameRange     '0.3.0',
174 silly addNameRange     '0.3.1',
174 silly addNameRange     '0.3.2',
174 silly addNameRange     '0.3.3' ] ]
175 verbose addNamed [ 'memoizee', '0.3.3' ]
176 verbose addNamed [ '0.3.3', '0.3.3' ]
177 silly lockFile 6de91bab-memoizee-0-3-3 memoizee@0.3.3
178 verbose lock memoizee@0.3.3 /home/th3m4d0n3/.npm/6de91bab-memoizee-0-3-3.lock
179 silly lockFile 6de91bab-memoizee-0-3-3 memoizee@0.3.3
180 silly lockFile 6de91bab-memoizee-0-3-3 memoizee@0.3.3
181 silly lockFile 44579819-memoizee memoizee@*
182 silly lockFile 44579819-memoizee memoizee@*
183 http 200 https://registry.npmjs.org/memwatch
184 silly registry.get cb [ 200,
184 silly registry.get   { date: 'Tue, 20 May 2014 20:20:52 GMT',
184 silly registry.get     server: 'CouchDB/1.5.0 (Erlang OTP/R14B04)',
184 silly registry.get     etag: '"DIS8AEVNXNJ5FL1TJSDT6GSRS"',
184 silly registry.get     'content-type': 'application/json',
184 silly registry.get     via: '1.1 varnish',
184 silly registry.get     'cache-control': 'max-age=1',
184 silly registry.get     'content-length': '40806',
184 silly registry.get     'accept-ranges': 'bytes',
184 silly registry.get     age: '3975',
184 silly registry.get     'x-served-by': 'cache-v37-ASH, cache-c101-CHI',
184 silly registry.get     'x-cache': 'HIT, MISS',
184 silly registry.get     'x-cache-hits': '1, 0',
184 silly registry.get     'x-timer': 'S1400604766.055675983,VS0,VS8,VE94,VE12486842',
184 silly registry.get     vary: 'Accept',
184 silly registry.get     'keep-alive': 'timeout=10, max=50',
184 silly registry.get     connection: 'Keep-Alive' } ]
185 silly addNameRange number 2 { name: 'memwatch', range: '*', hasData: true }
186 silly addNameRange versions [ 'memwatch',
186 silly addNameRange   [ '0.1.0',
186 silly addNameRange     '0.1.1',
186 silly addNameRange     '0.1.2',
186 silly addNameRange     '0.1.3',
186 silly addNameRange     '0.1.4',
186 silly addNameRange     '0.1.5',
186 silly addNameRange     '0.2.0',
186 silly addNameRange     '0.2.1',
186 silly addNameRange     '0.2.2' ] ]
187 verbose addNamed [ 'memwatch', '0.2.2' ]
188 verbose addNamed [ '0.2.2', '0.2.2' ]
189 silly lockFile de70a2ed-memwatch-0-2-2 memwatch@0.2.2
190 verbose lock memwatch@0.2.2 /home/th3m4d0n3/.npm/de70a2ed-memwatch-0-2-2.lock
191 http 404 https://registry.npmjs.org/gzip
192 silly registry.get cb [ 404,
192 silly registry.get   { date: 'Tue, 20 May 2014 20:20:52 GMT',
192 silly registry.get     server: 'CouchDB/1.5.0 (Erlang OTP/R14B04)',
192 silly registry.get     'content-type': 'application/json',
192 silly registry.get     via: '1.1 varnish',
192 silly registry.get     'cache-control': 'max-age=0',
192 silly registry.get     'content-length': '52',
192 silly registry.get     'accept-ranges': 'bytes',
192 silly registry.get     age: '0',
192 silly registry.get     'x-served-by': 'cache-v36-ASH, cache-lax1420-LAX',
192 silly registry.get     'x-cache': 'MISS, MISS',
192 silly registry.get     'x-cache-hits': '0, 0',
192 silly registry.get     'x-timer': 'S1400617252.824733496,VS0,VS31,VE131,VE165',
192 silly registry.get     'keep-alive': 'timeout=10, max=50',
192 silly registry.get     connection: 'Keep-Alive' } ]
193 silly lockFile e11286dd-gzip gzip@*
194 silly lockFile e11286dd-gzip gzip@*
195 error 404 'gzip' is not in the npm registry.
195 error 404 You should bug the author to publish it
195 error 404
195 error 404 Note that you can also install from a
195 error 404 tarball, folder, or http url, or git url.
196 error System Linux 3.13.0-24-generic
197 error command "/home/th3m4d0n3/v0.10.21/bin/node" "/home/th3m4d0n3/v0.10.21/bin/npm" "install"
198 error cwd /home/th3m4d0n3/NetBeansProjects/twAppDemo/public
199 error node -v v0.10.21
200 error npm -v 1.3.11
201 error code E404
202 verbose exit [ 1, true ]
